<?xml version="1.0" encoding="UTF-8"?>
<!-- Generated by org.testng.reporters.JUnitXMLReporter -->
<testsuite hostname="md1zg07c" ignored="0" name="ValidateTitle" tests="1" failures="1" timestamp="2020-02-19T20:57:47 IST" time="8.928" errors="0">
  <testcase name="validateAppTitle" time="0.06" classname="Academy.ValidateTitle">
    <failure type="java.lang.AssertionError" message="expected:&amp;lt;FEATURED COURSES&amp;gt; but was:&amp;lt;FEATURED1 COURSES&amp;gt;">
      <![CDATA[java.lang.AssertionError: expected:<FEATURED COURSES> but was:<FEATURED1 COURSES>
at Academy.ValidateTitle.validateAppTitle(ValidateTitle.java:38)
at java.util.ArrayList.forEach(ArrayList.java:1257)
... Removed 29 stack frames]]>
    </failure>
  </testcase> <!-- validateAppTitle -->
</testsuite> <!-- ValidateTitle -->
