<?xml version="1.0" encoding="UTF-8"?>
<testng-results skipped="0" failed="0" total="2" passed="2">
  <reporter-output>
  </reporter-output>
  <suite name="Test-class Suite" duration-ms="9494" started-at="2020-02-26T06:50:33Z" finished-at="2020-02-26T06:50:42Z">
    <groups>
    </groups>
    <test name="Test" duration-ms="9464" started-at="2020-02-26T06:50:33Z" finished-at="2020-02-26T06:50:42Z">
      <class name="Academy.ValidateTitle">
        <test-method status="PASS" signature="initialize(org.testng.ITestContext)[pri:0, instance:Academy.ValidateTitle@7c214cc0]" name="initialize" is-config="true" duration-ms="9221" started-at="2020-02-26T12:20:33Z" finished-at="2020-02-26T12:20:42Z">
          <params>
            <param index="0">
              <value>
                <![CDATA[org.testng.TestRunner@67d18ed7]]>
              </value>
            </param>
          </params>
          <reporter-output>
          </reporter-output>
        </test-method> <!-- initialize -->
        <test-method status="PASS" signature="validateAppTitle()[pri:0, instance:Academy.ValidateTitle@7c214cc0]" name="validateAppTitle" duration-ms="167" started-at="2020-02-26T12:20:42Z" finished-at="2020-02-26T12:20:42Z">
          <reporter-output>
          </reporter-output>
        </test-method> <!-- validateAppTitle -->
        <test-method status="PASS" signature="tearDown()[pri:0, instance:Academy.ValidateTitle@7c214cc0]" name="tearDown" is-config="true" duration-ms="58" started-at="2020-02-26T12:20:42Z" finished-at="2020-02-26T12:20:42Z">
          <reporter-output>
          </reporter-output>
        </test-method> <!-- tearDown -->
      </class> <!-- Academy.ValidateTitle -->
      <class name="Academy.ValidateNavigationBar">
        <test-method status="PASS" signature="before()[pri:0, instance:Academy.ValidateNavigationBar@455b6df1]" name="before" is-config="true" duration-ms="5" started-at="2020-02-26T12:20:33Z" finished-at="2020-02-26T12:20:33Z">
          <reporter-output>
          </reporter-output>
        </test-method> <!-- before -->
        <test-method status="PASS" signature="before()[pri:0, instance:Academy.ValidateTitle@7c214cc0]" name="before" is-config="true" duration-ms="0" started-at="2020-02-26T12:20:33Z" finished-at="2020-02-26T12:20:33Z">
          <reporter-output>
          </reporter-output>
        </test-method> <!-- before -->
        <test-method status="PASS" signature="initialize(org.testng.ITestContext)[pri:0, instance:Academy.ValidateNavigationBar@455b6df1]" name="initialize" is-config="true" duration-ms="9223" started-at="2020-02-26T12:20:33Z" finished-at="2020-02-26T12:20:42Z">
          <params>
            <param index="0">
              <value>
                <![CDATA[org.testng.TestRunner@67d18ed7]]>
              </value>
            </param>
          </params>
          <reporter-output>
          </reporter-output>
        </test-method> <!-- initialize -->
        <test-method status="PASS" signature="validateAppNavigationBar()[pri:0, instance:Academy.ValidateNavigationBar@455b6df1]" name="validateAppNavigationBar" duration-ms="165" started-at="2020-02-26T12:20:42Z" finished-at="2020-02-26T12:20:42Z">
          <reporter-output>
          </reporter-output>
        </test-method> <!-- validateAppNavigationBar -->
        <test-method status="PASS" signature="tearDown()[pri:0, instance:Academy.ValidateNavigationBar@455b6df1]" name="tearDown" is-config="true" duration-ms="58" started-at="2020-02-26T12:20:42Z" finished-at="2020-02-26T12:20:42Z">
          <reporter-output>
          </reporter-output>
        </test-method> <!-- tearDown -->
        <test-method status="PASS" signature="after()[pri:0, instance:Academy.ValidateTitle@7c214cc0]" name="after" is-config="true" duration-ms="0" started-at="2020-02-26T12:20:42Z" finished-at="2020-02-26T12:20:42Z">
          <reporter-output>
          </reporter-output>
        </test-method> <!-- after -->
        <test-method status="PASS" signature="after()[pri:0, instance:Academy.ValidateNavigationBar@455b6df1]" name="after" is-config="true" duration-ms="0" started-at="2020-02-26T12:20:42Z" finished-at="2020-02-26T12:20:42Z">
          <reporter-output>
          </reporter-output>
        </test-method> <!-- after -->
      </class> <!-- Academy.ValidateNavigationBar -->
    </test> <!-- Test -->
    <test name="Test1" duration-ms="0" started-at="2020-02-26T06:50:42Z" finished-at="2020-02-26T06:50:42Z">
    </test> <!-- Test1 -->
  </suite> <!-- Test-class Suite -->
</testng-results>
