<?xml version="1.0" encoding="UTF-8"?>
<testng-results skipped="0" failed="0" ignored="0" total="1" passed="1">
  <reporter-output>
  </reporter-output>
  <suite name="Test-class Suite" duration-ms="328702" started-at="2020-02-27T16:53:26 IST" finished-at="2020-02-27T16:58:55 IST">
    <groups>
      <group name="cucumber">
        <method signature="AbstractTestNGCucumberTests.feature(cucumber.api.testng.CucumberFeatureWrapper)[pri:0, instance:cucumberOptions.TestRunner@40f08448]" name="feature" class="cucumber.api.testng.AbstractTestNGCucumberTests"/>
      </group> <!-- cucumber -->
    </groups>
    <test name="Test" duration-ms="328702" started-at="2020-02-27T16:53:26 IST" finished-at="2020-02-27T16:58:55 IST">
      <class name="cucumberOptions.TestRunner">
        <test-method status="PASS" signature="setUpClass()[pri:0, instance:cucumberOptions.TestRunner@40f08448]" name="setUpClass" is-config="true" duration-ms="292" started-at="2020-02-27T16:53:26 IST" finished-at="2020-02-27T16:53:26 IST">
          <reporter-output>
          </reporter-output>
        </test-method> <!-- setUpClass -->
        <test-method status="PASS" signature="feature(cucumber.api.testng.CucumberFeatureWrapper)[pri:0, instance:cucumberOptions.TestRunner@40f08448]" name="feature" duration-ms="328283" started-at="2020-02-27T16:53:26 IST" description="Runs Cucumber Feature" data-provider="features" finished-at="2020-02-27T16:58:55 IST">
          <params>
            <param index="0">
              <value>
                <![CDATA[Login into application]]>
              </value>
            </param>
          </params>
          <reporter-output>
          </reporter-output>
        </test-method> <!-- feature -->
        <test-method status="PASS" signature="tearDownClass()[pri:0, instance:cucumberOptions.TestRunner@40f08448]" name="tearDownClass" is-config="true" duration-ms="3" started-at="2020-02-27T16:58:55 IST" finished-at="2020-02-27T16:58:55 IST">
          <reporter-output>
          </reporter-output>
        </test-method> <!-- tearDownClass -->
      </class> <!-- cucumberOptions.TestRunner -->
    </test> <!-- Test -->
  </suite> <!-- Test-class Suite -->
</testng-results>
